Using pre-set license
Built from '2020.3/staging' branch; Version is '2020.3.3f1 (76626098c1c4) revision 7758432'; Using compiler version '192528614'; Build Type 'Release'
OS: 'Windows 10 Home; OS build 19043.1526; Version 2009; 64bit' Language: 'en' Physical Memory: 15789 MB
BatchMode: 1, IsHumanControllingUs: 0, StartBugReporterOnCrash: 0, Is64bit: 1, IsPro: 0

 COMMAND LINE ARGUMENTS:
C:\Program Files\Unity\Hub\Editor\2020.3.3f1\Editor\Unity.exe
-adb2
-batchMode
-noUpm
-name
AssetImportWorker0
-projectPath
C:/Users/User/Documents/GitHub/DTGSim/DTG Simulator
-logFile
Logs/AssetImportWorker0.log
-srvPort
52942
Successfully changed project path to: C:/Users/User/Documents/GitHub/DTGSim/DTG Simulator
C:/Users/User/Documents/GitHub/DTGSim/DTG Simulator
Using Asset Import Pipeline V2.
Refreshing native plugins compatible for Editor in 35.57 ms, found 1 plugins.
Preloading 0 native plugins for Editor in 0.00 ms.
Initialize engine version: 2020.3.3f1 (76626098c1c4)
[Subsystems] Discovering subsystems at path C:/Program Files/Unity/Hub/Editor/2020.3.3f1/Editor/Data/Resources/UnitySubsystems
[Subsystems] Discovering subsystems at path C:/Users/User/Documents/GitHub/DTGSim/DTG Simulator/Assets
GfxDevice: creating device client; threaded=0
Direct3D:
    Version:  Direct3D 11.0 [level 11.1]
    Renderer: NVIDIA GeForce RTX 2060 (ID=0x1f15)
    Vendor:   
    VRAM:     5980 MB
    Driver:   30.0.15.1179
Initialize mono
Mono path[0] = 'C:/Program Files/Unity/Hub/Editor/2020.3.3f1/Editor/Data/Managed'
Mono path[1] = 'C:/Program Files/Unity/Hub/Editor/2020.3.3f1/Editor/Data/MonoBleedingEdge/lib/mono/unityjit'
Mono config path = 'C:/Program Files/Unity/Hub/Editor/2020.3.3f1/Editor/Data/MonoBleedingEdge/etc'
Using monoOptions --debugger-agent=transport=dt_socket,embedding=1,server=y,suspend=n,address=127.0.0.1:56232
Begin MonoManager ReloadAssembly
Registering precompiled unity dll's ...
Register platform support module: C:/Program Files/Unity/Hub/Editor/2020.3.3f1/Editor/Data/PlaybackEngines/WebGLSupport/UnityEditor.WebGL.Extensions.dll
Register platform support module: C:/Program Files/Unity/Hub/Editor/2020.3.3f1/Editor/Data/PlaybackEngines/WindowsStandaloneSupport/UnityEditor.WindowsStandalone.Extensions.dll
Registered in 0.002215 seconds.
Native extension for WindowsStandalone target not found
Native extension for WebGL target not found
Refreshing native plugins compatible for Editor in 37.76 ms, found 1 plugins.
Preloading 0 native plugins for Editor in 0.00 ms.
Invoked RoslynAnalysisRunner static constructor.
RoslynAnalysisRunner will not be running.
RoslynAnalysisRunner has terminated.
Mono: successfully reloaded assembly
- Completed reload, in  1.043 seconds
Platform modules already initialized, skipping
Registering precompiled user dll's ...
Registered in 0.000977 seconds.
Begin MonoManager ReloadAssembly
Native extension for WindowsStandalone target not found
Native extension for WebGL target not found
Refreshing native plugins compatible for Editor in 33.04 ms, found 1 plugins.
Preloading 0 native plugins for Editor in 0.00 ms.
Invoked RoslynAnalysisRunner static constructor.
RoslynAnalysisRunner will not be running.
RoslynAnalysisRunner has terminated.
Mono: successfully reloaded assembly
- Completed reload, in  0.803 seconds
Platform modules already initialized, skipping
========================================================================
Worker process is ready to serve import requests
Launched and connected shader compiler UnityShaderCompiler.exe after 0.04 seconds
Refreshing native plugins compatible for Editor in 0.35 ms, found 1 plugins.
Preloading 0 native plugins for Editor in 0.00 ms.
Unloading 1823 Unused Serialized files (Serialized files now loaded: 0)
System memory in use before: 87.1 MB.
System memory in use after: 87.0 MB.

Unloading 24 unused Assets to reduce memory usage. Loaded Objects now: 2266.
Total: 3.562400 ms (FindLiveObjects: 0.437400 ms CreateObjectMapping: 0.063000 ms MarkObjects: 2.837300 ms  DeleteObjects: 0.222900 ms)

========================================================================
Received Import Request.
  path: Assets/Sprites/art icon.psd
  artifactKey: Guid(44ac7bbcad2f1064e9b0e06ae8866f74) Importer(815301076,1909f56bfc062723c751e8b465ee728b)
Start importing Assets/Sprites/art icon.psd using Guid(44ac7bbcad2f1064e9b0e06ae8866f74) Importer(815301076,1909f56bfc062723c751e8b465ee728b)  -> (artifact id: 'f041ef7c05cf2226ab27f7733ab0dfe9') in 0.083938 seconds
  Import took 0.087176 seconds .

========================================================================
Received Import Request.
  Time since last request: 0.000311 seconds.
  path: Assets/Sprites/background.psd
  artifactKey: Guid(394c89e2d6e929a4e8b57e6dd96c9837) Importer(815301076,1909f56bfc062723c751e8b465ee728b)
Start importing Assets/Sprites/background.psd using Guid(394c89e2d6e929a4e8b57e6dd96c9837) Importer(815301076,1909f56bfc062723c751e8b465ee728b)  -> (artifact id: '335aa82e37cafc1ee75ba1b70f3a6e8b') in 0.012808 seconds
  Import took 0.015909 seconds .

========================================================================
Received Import Request.
  Time since last request: 0.000238 seconds.
  path: Assets/Sprites/battery icon.psd
  artifactKey: Guid(3dfac1266733e3c4fb4ae2c7ae97dfd6) Importer(815301076,1909f56bfc062723c751e8b465ee728b)
Start importing Assets/Sprites/battery icon.psd using Guid(3dfac1266733e3c4fb4ae2c7ae97dfd6) Importer(815301076,1909f56bfc062723c751e8b465ee728b)  -> (artifact id: '4bfbd242ee847f39329520f71bc94a4a') in 0.010692 seconds
  Import took 0.013348 seconds .

========================================================================
Received Import Request.
  Time since last request: 0.000341 seconds.
  path: Assets/Sprites/battery icon -Alt.psd
  artifactKey: Guid(ecb255fa33b22214db16ebf1581a9ddb) Importer(815301076,1909f56bfc062723c751e8b465ee728b)
Start importing Assets/Sprites/battery icon -Alt.psd using Guid(ecb255fa33b22214db16ebf1581a9ddb) Importer(815301076,1909f56bfc062723c751e8b465ee728b)  -> (artifact id: 'a687d14623cf94b879432924f2ea5d47') in 0.011302 seconds
  Import took 0.014388 seconds .

========================================================================
Received Import Request.
  Time since last request: 10.589380 seconds.
  path: Assets/Scripts/ExitGame.cs
  artifactKey: Guid(4f95f26fb97686d47b7bd7ecfa5607da) Importer(815301076,1909f56bfc062723c751e8b465ee728b)
Start importing Assets/Scripts/ExitGame.cs using Guid(4f95f26fb97686d47b7bd7ecfa5607da) Importer(815301076,1909f56bfc062723c751e8b465ee728b)  -> (artifact id: '2c53158cb82447178f76e9ce8462adff') in 0.009262 seconds
  Import took 0.013201 seconds .

========================================================================
Received Prepare
Registering precompiled user dll's ...
Registered in 0.001034 seconds.
Begin MonoManager ReloadAssembly
Native extension for WindowsStandalone target not found
Native extension for WebGL target not found
Refreshing native plugins compatible for Editor in 0.37 ms, found 1 plugins.
Preloading 0 native plugins for Editor in 0.00 ms.
Invoked RoslynAnalysisRunner static constructor.
RoslynAnalysisRunner will not be running.
RoslynAnalysisRunner has terminated.
Mono: successfully reloaded assembly
- Completed reload, in  0.858 seconds
Platform modules already initialized, skipping
Refreshing native plugins compatible for Editor in 0.50 ms, found 1 plugins.
Preloading 0 native plugins for Editor in 0.00 ms.
Unloading 1806 Unused Serialized files (Serialized files now loaded: 0)
System memory in use before: 88.9 MB.
System memory in use after: 88.8 MB.

Unloading 12 unused Assets to reduce memory usage. Loaded Objects now: 2279.
Total: 3.059500 ms (FindLiveObjects: 0.622700 ms CreateObjectMapping: 0.089700 ms MarkObjects: 2.234000 ms  DeleteObjects: 0.110100 ms)

========================================================================
Received Prepare
Registering precompiled user dll's ...
Registered in 0.000988 seconds.
Begin MonoManager ReloadAssembly
Native extension for WindowsStandalone target not found
Native extension for WebGL target not found
Refreshing native plugins compatible for Editor in 0.44 ms, found 1 plugins.
Preloading 0 native plugins for Editor in 0.00 ms.
Invoked RoslynAnalysisRunner static constructor.
RoslynAnalysisRunner will not be running.
RoslynAnalysisRunner has terminated.
Mono: successfully reloaded assembly
- Completed reload, in  0.819 seconds
Platform modules already initialized, skipping
Refreshing native plugins compatible for Editor in 0.49 ms, found 1 plugins.
Preloading 0 native plugins for Editor in 0.00 ms.
Unloading 1806 Unused Serialized files (Serialized files now loaded: 0)
System memory in use before: 88.9 MB.
System memory in use after: 88.9 MB.

Unloading 12 unused Assets to reduce memory usage. Loaded Objects now: 2283.
Total: 2.827100 ms (FindLiveObjects: 0.350400 ms CreateObjectMapping: 0.054100 ms MarkObjects: 2.282100 ms  DeleteObjects: 0.136500 ms)

========================================================================
Received Import Request.
  Time since last request: 28.409469 seconds.
  path: Assets/Scripts/ExitGame.cs
  artifactKey: Guid(4f95f26fb97686d47b7bd7ecfa5607da) Importer(815301076,1909f56bfc062723c751e8b465ee728b)
Start importing Assets/Scripts/ExitGame.cs using Guid(4f95f26fb97686d47b7bd7ecfa5607da) Importer(815301076,1909f56bfc062723c751e8b465ee728b)  -> (artifact id: '77aba709f06b6ce42299ec3136f3f43a') in 0.006205 seconds
  Import took 0.009727 seconds .

========================================================================
Received Import Request.
  Time since last request: 26.610352 seconds.
  path: Assets/Scripts/Quitter.cs
  artifactKey: Guid(0cb97d8628927444ba014262df7024dd) Importer(815301076,1909f56bfc062723c751e8b465ee728b)
Start importing Assets/Scripts/Quitter.cs using Guid(0cb97d8628927444ba014262df7024dd) Importer(815301076,1909f56bfc062723c751e8b465ee728b)  -> (artifact id: 'ebb2350f03ecb264f6fbef59ae694ba3') in 0.006847 seconds
  Import took 0.010318 seconds .

========================================================================
Received Prepare
Registering precompiled user dll's ...
Registered in 0.000959 seconds.
Begin MonoManager ReloadAssembly
Native extension for WindowsStandalone target not found
Native extension for WebGL target not found
Refreshing native plugins compatible for Editor in 0.43 ms, found 1 plugins.
Preloading 0 native plugins for Editor in 0.00 ms.
Invoked RoslynAnalysisRunner static constructor.
RoslynAnalysisRunner will not be running.
RoslynAnalysisRunner has terminated.
Mono: successfully reloaded assembly
- Completed reload, in  0.743 seconds
Platform modules already initialized, skipping
Refreshing native plugins compatible for Editor in 0.36 ms, found 1 plugins.
Preloading 0 native plugins for Editor in 0.00 ms.
Unloading 1807 Unused Serialized files (Serialized files now loaded: 0)
System memory in use before: 88.9 MB.
System memory in use after: 88.9 MB.

Unloading 12 unused Assets to reduce memory usage. Loaded Objects now: 2288.
Total: 3.905600 ms (FindLiveObjects: 0.528400 ms CreateObjectMapping: 0.115000 ms MarkObjects: 3.138600 ms  DeleteObjects: 0.120800 ms)

========================================================================
Received Import Request.
  Time since last request: 51.068810 seconds.
  path: Assets/Scripts/Quitter.cs
  artifactKey: Guid(0cb97d8628927444ba014262df7024dd) Importer(815301076,1909f56bfc062723c751e8b465ee728b)
Start importing Assets/Scripts/Quitter.cs using Guid(0cb97d8628927444ba014262df7024dd) Importer(815301076,1909f56bfc062723c751e8b465ee728b)  -> (artifact id: '7de1e5841014be45d8774340cd0b0325') in 0.007075 seconds
  Import took 0.010509 seconds .

AssetImportWorkerClient::OnTransportError - code=2 error=End of file
